<?xml version="1.0" encoding="UTF-8"?>
<!-- Generated by org.testng.reporters.JUnitReportReporter -->
<testsuite hostname="Lenovo-PC" name="com.candiatepsiexam.testcases.CreateAnAccount" tests="1" failures="0" timestamp="27 Aug 2020 03:39:34 GMT" time="5.809" errors="0">
  <testcase name="createtheaccout" time="5.809" classname="com.candiatepsiexam.testcases.CreateAnAccount"/>
</testsuite> <!-- com.candiatepsiexam.testcases.CreateAnAccount -->
