<?xml version="1.0" encoding="UTF-8"?>
<!-- Generated by org.testng.reporters.JUnitReportReporter -->
<testsuite hostname="Lenovo-PC" name="com.candiatepsiexam.testcases.CreateAnAccount" tests="2" failures="0" timestamp="1 Sep 2020 03:58:13 GMT" time="19.632" errors="0">
  <testcase name="checktheaccountalreadyexist" time="12.345" classname="com.candiatepsiexam.testcases.CreateAnAccount"/>
  <testcase name="createtheaccount" time="7.287" classname="com.candiatepsiexam.testcases.CreateAnAccount"/>
</testsuite> <!-- com.candiatepsiexam.testcases.CreateAnAccount -->
